Arguments: 
  /home/ayo/.nvm/versions/node/v10.16.3/bin/node /usr/share/yarn/bin/yarn.js add store2

PATH: 
  /home/ayo/.nvm/versions/node/v10.16.3/bin:/usr/local/bin:/usr/bin:/bin:/usr/local/games:/usr/games:/usr/share/games:/usr/local/sbin:/usr/sbin:/sbin:/home/ayo/.local/bin:/snap/bin:/usr/local/bin:/usr/bin:/bin:/usr/local/games:/usr/games

Yarn version: 
  1.17.3

Node version: 
  10.16.3

Platform: 
  linux x64

Trace: 
  SyntaxError: /home/ayo/Documents/nodejs/ayooluwa_olosunde_nodejs_africa_getbusy_task3/package.json: Unexpected token } in JSON at position 421
      at JSON.parse (<anonymous>)
      at /usr/share/yarn/lib/cli.js:1625:59
      at Generator.next (<anonymous>)
      at step (/usr/share/yarn/lib/cli.js:304:30)
      at /usr/share/yarn/lib/cli.js:315:13

npm manifest: 
  {
    "name": "ayooluwa_olosunde_nodejs_africa_getbusy_task3",
    "version": "0.0.0",
    "private": true,
    "scripts": {
      "start": "node ./bin/www",
      "dev": "nodemon ./bin/www"
    },
    "dependencies": {
      "cookie-parser": "~1.4.4",
      "debug": "~2.6.9",
      "express": "~4.16.1",
      "http-errors": "~1.6.3",
      "jade": "~1.11.0",
      "morgan": "~1.9.1",
      "request": "^2.88.0",
      "request-promise": "^4.2.4",
    }
  }

yarn manifest: 
  No manifest

Lockfile: 
  No lockfile
